<?xml version="1.0" encoding="UTF-8"?><testrun name="AutomationWebTest" project="AutomationRappi" tests="51" started="51" failures="2" errors="0" ignored="48">
  <testsuite name="tests.AutomationWebTest" time="465.077">
    <testcase name="test_Web_0487" classname="tests.AutomationWebTest" time="0.0" ignored="true"/>
    <testcase name="test_Web_0763" classname="tests.AutomationWebTest" time="0.0" ignored="true"/>
    <testcase name="test_Web_0767" classname="tests.AutomationWebTest" time="0.001" ignored="true"/>
    <testcase name="test_Web_0770" classname="tests.AutomationWebTest" time="0.0" ignored="true"/>
    <testcase name="test_Web_1473" classname="tests.AutomationWebTest" time="0.0" ignored="true"/>
    <testcase name="test_Web_1476" classname="tests.AutomationWebTest" time="0.0" ignored="true"/>
    <testcase name="test_Web_1477" classname="tests.AutomationWebTest" time="0.0" ignored="true"/>
    <testcase name="test_Web_1478" classname="tests.AutomationWebTest" time="0.0" ignored="true"/>
    <testcase name="test_Web_1484" classname="tests.AutomationWebTest" time="0.0" ignored="true"/>
    <testcase name="test_Web_1510" classname="tests.AutomationWebTest" time="0.0" ignored="true"/>
    <testcase name="test_Web_1512" classname="tests.AutomationWebTest" time="0.0" ignored="true"/>
    <testcase name="test_Web_1520" classname="tests.AutomationWebTest" time="0.0" ignored="true"/>
    <testcase name="test_Web_1522" classname="tests.AutomationWebTest" time="0.0" ignored="true"/>
    <testcase name="test_Web_1523" classname="tests.AutomationWebTest" time="0.0" ignored="true"/>
    <testcase name="test_Web_1533" classname="tests.AutomationWebTest" time="0.0" ignored="true"/>
    <testcase name="test_Web_1534" classname="tests.AutomationWebTest" time="0.0" ignored="true"/>
    <testcase name="test_Web_1535" classname="tests.AutomationWebTest" time="0.0" ignored="true"/>
    <testcase name="test_Web_1536" classname="tests.AutomationWebTest" time="0.0" ignored="true"/>
    <testcase name="test_Web_1537" classname="tests.AutomationWebTest" time="0.0" ignored="true"/>
    <testcase name="test_Web_1541" classname="tests.AutomationWebTest" time="0.0" ignored="true"/>
    <testcase name="test_Web_1561" classname="tests.AutomationWebTest" time="0.0" ignored="true"/>
    <testcase name="test_Web_1575" classname="tests.AutomationWebTest" time="0.0" ignored="true"/>
    <testcase name="test_Web_1583" classname="tests.AutomationWebTest" time="0.0" ignored="true"/>
    <testcase name="test_Web_1584" classname="tests.AutomationWebTest" time="0.0" ignored="true"/>
    <testcase name="test_Web_1585" classname="tests.AutomationWebTest" time="0.0" ignored="true"/>
    <testcase name="test_Web_1587" classname="tests.AutomationWebTest" time="0.0" ignored="true"/>
    <testcase name="test_Web_1588" classname="tests.AutomationWebTest" time="0.0" ignored="true"/>
    <testcase name="test_Web_1589" classname="tests.AutomationWebTest" time="0.0" ignored="true"/>
    <testcase name="test_Web_1590" classname="tests.AutomationWebTest" time="0.0" ignored="true"/>
    <testcase name="test_Web_1591" classname="tests.AutomationWebTest" time="0.0" ignored="true"/>
    <testcase name="test_Web_1597" classname="tests.AutomationWebTest" time="126.566"/>
    <testcase name="test_Web_1598" classname="tests.AutomationWebTest" time="0.001" ignored="true"/>
    <testcase name="test_Web_1605" classname="tests.AutomationWebTest" time="0.0" ignored="true"/>
    <testcase name="test_Web_1606" classname="tests.AutomationWebTest" time="281.323">
      <failure>java.lang.AssertionError: ERROR selectProdInMarket: Search Market-Product Invalid!
	at org.junit.Assert.fail(Assert.java:88)
	at org.junit.Assert.assertTrue(Assert.java:41)
	at pages.RappiWebMarkets.selectProdInMarket(RappiWebMarkets.java:810)
	at tests.AutomationWebTest.test_Web_1606(AutomationWebTest.java:1183)
	at sun.reflect.NativeMethodAccessorImpl.invoke0(Native Method)
	at sun.reflect.NativeMethodAccessorImpl.invoke(NativeMethodAccessorImpl.java:62)
	at sun.reflect.DelegatingMethodAccessorImpl.invoke(DelegatingMethodAccessorImpl.java:43)
	at java.lang.reflect.Method.invoke(Method.java:498)
	at org.junit.runners.model.FrameworkMethod$1.runReflectiveCall(FrameworkMethod.java:50)
	at org.junit.internal.runners.model.ReflectiveCallable.run(ReflectiveCallable.java:12)
	at org.junit.runners.model.FrameworkMethod.invokeExplosively(FrameworkMethod.java:47)
	at org.junit.internal.runners.statements.InvokeMethod.evaluate(InvokeMethod.java:17)
	at org.junit.internal.runners.statements.RunAfters.evaluate(RunAfters.java:27)
	at org.junit.runners.ParentRunner.runLeaf(ParentRunner.java:325)
	at org.junit.runners.BlockJUnit4ClassRunner.runChild(BlockJUnit4ClassRunner.java:78)
	at org.junit.runners.BlockJUnit4ClassRunner.runChild(BlockJUnit4ClassRunner.java:57)
	at org.junit.runners.ParentRunner$3.run(ParentRunner.java:290)
	at org.junit.runners.ParentRunner$1.schedule(ParentRunner.java:71)
	at org.junit.runners.ParentRunner.runChildren(ParentRunner.java:288)
	at org.junit.runners.ParentRunner.access$000(ParentRunner.java:58)
	at org.junit.runners.ParentRunner$2.evaluate(ParentRunner.java:268)
	at org.junit.internal.runners.statements.RunBefores.evaluate(RunBefores.java:26)
	at org.junit.internal.runners.statements.RunAfters.evaluate(RunAfters.java:27)
	at org.junit.runners.ParentRunner.run(ParentRunner.java:363)
	at org.eclipse.jdt.internal.junit4.runner.JUnit4TestReference.run(JUnit4TestReference.java:89)
	at org.eclipse.jdt.internal.junit.runner.TestExecution.run(TestExecution.java:41)
	at org.eclipse.jdt.internal.junit.runner.RemoteTestRunner.runTests(RemoteTestRunner.java:541)
	at org.eclipse.jdt.internal.junit.runner.RemoteTestRunner.runTests(RemoteTestRunner.java:763)
	at org.eclipse.jdt.internal.junit.runner.RemoteTestRunner.run(RemoteTestRunner.java:463)
	at org.eclipse.jdt.internal.junit.runner.RemoteTestRunner.main(RemoteTestRunner.java:209)

</failure>
    </testcase>
    <testcase name="test_Web_1608" classname="tests.AutomationWebTest" time="0.0" ignored="true"/>
    <testcase name="test_Web_1612" classname="tests.AutomationWebTest" time="0.0" ignored="true"/>
    <testcase name="test_Web_1635" classname="tests.AutomationWebTest" time="0.0" ignored="true"/>
    <testcase name="test_Web_1638" classname="tests.AutomationWebTest" time="0.0" ignored="true"/>
    <testcase name="test_Web_1648" classname="tests.AutomationWebTest" time="0.0" ignored="true"/>
    <testcase name="test_Web_1678" classname="tests.AutomationWebTest" time="0.0" ignored="true"/>
    <testcase name="test_Web_1688" classname="tests.AutomationWebTest" time="0.0" ignored="true"/>
    <testcase name="test_Web_1706" classname="tests.AutomationWebTest" time="0.0" ignored="true"/>
    <testcase name="test_Web_1707" classname="tests.AutomationWebTest" time="0.0" ignored="true"/>
    <testcase name="test_Web_1709" classname="tests.AutomationWebTest" time="0.0" ignored="true"/>
    <testcase name="test_Web_1710" classname="tests.AutomationWebTest" time="0.0" ignored="true"/>
    <testcase name="test_Web_1711" classname="tests.AutomationWebTest" time="0.0" ignored="true"/>
    <testcase name="test_Web_1752" classname="tests.AutomationWebTest" time="0.0" ignored="true"/>
    <testcase name="test_Web_1758" classname="tests.AutomationWebTest" time="0.0" ignored="true"/>
    <testcase name="test_Web_1768" classname="tests.AutomationWebTest" time="57.183">
      <failure>java.lang.AssertionError: ERROR HOME PAGE: Click On 'Search Button' Failed!
	at org.junit.Assert.fail(Assert.java:88)
	at org.junit.Assert.assertTrue(Assert.java:41)
	at pages.RappiWebHomePage.searchOption(RappiWebHomePage.java:1689)
	at tests.AutomationWebTest.test_Web_1768(AutomationWebTest.java:1691)
	at sun.reflect.NativeMethodAccessorImpl.invoke0(Native Method)
	at sun.reflect.NativeMethodAccessorImpl.invoke(NativeMethodAccessorImpl.java:62)
	at sun.reflect.DelegatingMethodAccessorImpl.invoke(DelegatingMethodAccessorImpl.java:43)
	at java.lang.reflect.Method.invoke(Method.java:498)
	at org.junit.runners.model.FrameworkMethod$1.runReflectiveCall(FrameworkMethod.java:50)
	at org.junit.internal.runners.model.ReflectiveCallable.run(ReflectiveCallable.java:12)
	at org.junit.runners.model.FrameworkMethod.invokeExplosively(FrameworkMethod.java:47)
	at org.junit.internal.runners.statements.InvokeMethod.evaluate(InvokeMethod.java:17)
	at org.junit.internal.runners.statements.RunAfters.evaluate(RunAfters.java:27)
	at org.junit.runners.ParentRunner.runLeaf(ParentRunner.java:325)
	at org.junit.runners.BlockJUnit4ClassRunner.runChild(BlockJUnit4ClassRunner.java:78)
	at org.junit.runners.BlockJUnit4ClassRunner.runChild(BlockJUnit4ClassRunner.java:57)
	at org.junit.runners.ParentRunner$3.run(ParentRunner.java:290)
	at org.junit.runners.ParentRunner$1.schedule(ParentRunner.java:71)
	at org.junit.runners.ParentRunner.runChildren(ParentRunner.java:288)
	at org.junit.runners.ParentRunner.access$000(ParentRunner.java:58)
	at org.junit.runners.ParentRunner$2.evaluate(ParentRunner.java:268)
	at org.junit.internal.runners.statements.RunBefores.evaluate(RunBefores.java:26)
	at org.junit.internal.runners.statements.RunAfters.evaluate(RunAfters.java:27)
	at org.junit.runners.ParentRunner.run(ParentRunner.java:363)
	at org.eclipse.jdt.internal.junit4.runner.JUnit4TestReference.run(JUnit4TestReference.java:89)
	at org.eclipse.jdt.internal.junit.runner.TestExecution.run(TestExecution.java:41)
	at org.eclipse.jdt.internal.junit.runner.RemoteTestRunner.runTests(RemoteTestRunner.java:541)
	at org.eclipse.jdt.internal.junit.runner.RemoteTestRunner.runTests(RemoteTestRunner.java:763)
	at org.eclipse.jdt.internal.junit.runner.RemoteTestRunner.run(RemoteTestRunner.java:463)
	at org.eclipse.jdt.internal.junit.runner.RemoteTestRunner.main(RemoteTestRunner.java:209)

</failure>
    </testcase>
    <testcase name="test_Web_2636" classname="tests.AutomationWebTest" time="0.0" ignored="true"/>
    <testcase name="test_Web_2639" classname="tests.AutomationWebTest" time="0.003" ignored="true"/>
  </testsuite>
</testrun>
